SF:lib\main.dart
DA:7,0
DA:8,0
DA:12,1
DA:13,1
DA:17,1
DA:19,1
DA:20,1
DA:21,1
DA:22,2
DA:25,1
DA:26,2
DA:28,1
DA:29,1
DA:30,1
DA:31,1
LF:15
LH:13
end_of_record
SF:lib\widgets.dart
DA:9,2
DA:11,1
DA:12,1
DA:18,1
DA:21,3
DA:22,2
DA:24,1
DA:25,1
DA:26,2
DA:27,1
DA:28,1
DA:30,2
DA:32,1
DA:33,1
DA:34,1
DA:36,1
DA:37,1
DA:38,1
DA:39,1
DA:40,1
DA:41,1
DA:42,2
DA:43,2
DA:46,1
DA:61,1
DA:62,1
DA:65,1
DA:67,1
DA:68,1
DA:69,1
DA:72,1
DA:73,2
DA:74,1
DA:75,1
DA:76,1
DA:82,3
LF:36
LH:36
end_of_record
SF:lib\Themes.dart
DA:4,3
DA:6,1
DA:7,1
DA:10,3
LF:4
LH:4
end_of_record
SF:lib\theme_provider.dart
DA:5,2
DA:6,1
DA:10,1
DA:11,3
DA:12,1
LF:5
LH:5
end_of_record
